<?xml version="1.0" encoding="UTF-8"?>
<!-- Generated by org.testng.reporters.JUnitReportReporter -->
<testsuite hostname="m" failures="0" tests="1" name="demo.sample" time="0.055" errors="0" timestamp="2022-12-23T11:27:49 IST" skipped="0">
  <testcase classname="demo.sample" name="sampleTest" time="0.055"/>
  <system-out/>
</testsuite> <!-- demo.sample -->
