<?xml version="1.0" encoding="UTF-8"?>
<!-- Generated by org.testng.reporters.JUnitReportReporter -->
<testsuite hostname="m" failures="0" tests="1" name="Organization.createOrganizationtest" time="0.133" errors="0" timestamp="2022-12-24T11:53:20 IST" skipped="0">
  <testcase classname="Organization.createOrganizationtest" name="tc_215_CreateOrganizationwithMandatoryField" time="0.133"/>
  <system-out/>
</testsuite> <!-- Organization.createOrganizationtest -->
